<?xml version="1.0" encoding="UTF-8"?>
<!-- Generated by org.testng.reporters.JUnitXMLReporter -->
<testsuite hostname="Elcot-PC" ignored="0" name="Free CRM App Test Cases" tests="10" failures="0" timestamp="18 May 2020 03:58:03 GMT" time="447.72" errors="0">
  <testcase name="@BeforeMethod setUP" time="57.091" classname="com.crm.qa.test.HomePageTest">
    <failure type="org.openqa.selenium.TimeoutException" message="Timeout loading page after 40000ms
Build info: version: &amp;apos;3.141.59&amp;apos;, revision: &amp;apos;e82be7d358&amp;apos;, time: &amp;apos;2018-11-14T08:17:03&amp;apos;
System info: host: &amp;apos;ELCOT-PC&amp;apos;, ip: &amp;apos;192.168.1.100&amp;apos;, os.name: &amp;apos;Windows 7&amp;apos;, os.arch: &amp;apos;x86&amp;apos;, os.version: &amp;apos;6.1&amp;apos;, java.version: &amp;apos;1.8.0_66&amp;apos;
Driver info: org.openqa.selenium.firefox.FirefoxDriver
Capabilities {acceptInsecureCerts: true, browserName: firefox, browserVersion: 76.0.1, javascriptEnabled: true, moz:accessibilityChecks: false, moz:buildID: 20200507114007, moz:geckodriverVersion: 0.26.0, moz:headless: false, moz:processID: 5916, moz:profile: C:\Users\Elcot\AppData\Loca..., moz:shutdownTimeout: 60000, moz:useNonSpecCompliantPointerOrigin: false, moz:webdriverClick: true, pageLoadStrategy: normal, platform: WINDOWS, platformName: WINDOWS, platformVersion: 6.1, rotatable: false, setWindowRect: true, strictFileInteractability: false, timeouts: {implicit: 0, pageLoad: 300000, script: 30000}, unhandledPromptBehavior: dismiss and notify}
Session ID: f848f0d8-85c9-42fa-bee7-e39a924683ab">
      <![CDATA[org.openqa.selenium.TimeoutException: Timeout loading page after 40000ms
Build info: version: '3.141.59', revision: 'e82be7d358', time: '2018-11-14T08:17:03'
System info: host: 'ELCOT-PC', ip: '192.168.1.100', os.name: 'Windows 7', os.arch: 'x86', os.version: '6.1', java.version: '1.8.0_66'
Driver info: org.openqa.selenium.firefox.FirefoxDriver
Capabilities {acceptInsecureCerts: true, browserName: firefox, browserVersion: 76.0.1, javascriptEnabled: true, moz:accessibilityChecks: false, moz:buildID: 20200507114007, moz:geckodriverVersion: 0.26.0, moz:headless: false, moz:processID: 5916, moz:profile: C:\Users\Elcot\AppData\Loca..., moz:shutdownTimeout: 60000, moz:useNonSpecCompliantPointerOrigin: false, moz:webdriverClick: true, pageLoadStrategy: normal, platform: WINDOWS, platformName: WINDOWS, platformVersion: 6.1, rotatable: false, setWindowRect: true, strictFileInteractability: false, timeouts: {implicit: 0, pageLoad: 300000, script: 30000}, unhandledPromptBehavior: dismiss and notify}
Session ID: f848f0d8-85c9-42fa-bee7-e39a924683ab
at org.openqa.selenium.remote.http.W3CHttpResponseCodec.createException(W3CHttpResponseCodec.java:187)
at org.openqa.selenium.remote.http.W3CHttpResponseCodec.decode(W3CHttpResponseCodec.java:122)
at org.openqa.selenium.remote.http.W3CHttpResponseCodec.decode(W3CHttpResponseCodec.java:49)
at org.openqa.selenium.remote.HttpCommandExecutor.execute(HttpCommandExecutor.java:158)
at org.openqa.selenium.remote.service.DriverCommandExecutor.execute(DriverCommandExecutor.java:83)
at org.openqa.selenium.remote.RemoteWebDriver.execute(RemoteWebDriver.java:552)
at org.openqa.selenium.remote.RemoteWebDriver.get(RemoteWebDriver.java:277)
at org.openqa.selenium.support.events.EventFiringWebDriver.lambda$new$1(EventFiringWebDriver.java:105)
at com.sun.proxy.$Proxy8.get(Unknown Source)
at org.openqa.selenium.support.events.EventFiringWebDriver.get(EventFiringWebDriver.java:165)
at com.crm.qa.testbase.TestBase.initialization(TestBase.java:67)
at com.crm.qa.test.HomePageTest.setUP(HomePageTest.java:34)
... Removed 36 stack frames]]>
    </failure>
  </testcase> <!-- @BeforeMethod setUP -->
  <testcase name="@AfterMethod tearDown" time="0.0" classname="com.crm.qa.test.HomePageTest">
    <skipped/>
  </testcase> <!-- @AfterMethod tearDown -->
  <testcase name="ForgotLinkTest" time="0.272" classname="com.crm.qa.test.LoginPageTest"/>
  <testcase name="LoginBtnTest" time="1.198" classname="com.crm.qa.test.LoginPageTest"/>
  <testcase name="LoginPageTitleTest" time="0.054" classname="com.crm.qa.test.LoginPageTest"/>
  <testcase name="ValidateClickOnCCalendarLinkTest" time="5.002" classname="com.crm.qa.test.HomePageTest"/>
  <testcase name="ValidateClickOnContactsLinkTest" time="4.345" classname="com.crm.qa.test.HomePageTest"/>
  <testcase name="ValidateClickOnDealssLinkTest" time="4.078" classname="com.crm.qa.test.HomePageTest"/>
  <testcase name="ValidateHomePageUserNameDisplayTest" time="0.0" classname="com.crm.qa.test.HomePageTest">
    <skipped/>
  </testcase> <!-- ValidateHomePageUserNameDisplayTest -->
  <testcase name="ValidateSyncNowBtnavailabilitytest" time="0.21" classname="com.crm.qa.test.CalendarPageTest"/>
  <testcase name="ValidateContactsLabelTest" time="0.104" classname="com.crm.qa.test.ContactsPageTest"/>
  <testcase name="ValidateDealsLogotest" time="0.476" classname="com.crm.qa.test.DealsPageTest"/>
</testsuite> <!-- Free CRM App Test Cases -->
