<?xml version="1.0" encoding="UTF-8"?>
<testng-results skipped="1" failed="0" ignored="0" total="10" passed="9">
  <reporter-output>
  </reporter-output>
  <suite name="Free CRM App QA Test Suite" duration-ms="447720" started-at="2020-05-18T03:50:32Z" finished-at="2020-05-18T03:58:00Z">
    <groups>
    </groups>
    <test name="Free CRM App Test Cases" duration-ms="447720" started-at="2020-05-18T03:50:32Z" finished-at="2020-05-18T03:58:00Z">
      <class name="com.crm.qa.test.LoginPageTest">
        <test-method status="PASS" signature="SetUp()[pri:0, instance:com.crm.qa.test.LoginPageTest@100df86]" name="SetUp" is-config="true" duration-ms="30858" started-at="2020-05-18T03:50:32Z" finished-at="2020-05-18T03:51:03Z">
          <reporter-output>
          </reporter-output>
        </test-method> <!-- SetUp -->
        <test-method status="PASS" signature="ForgotLinkTest()[pri:0, instance:com.crm.qa.test.LoginPageTest@100df86]" name="ForgotLinkTest" duration-ms="272" started-at="2020-05-18T03:51:03Z" finished-at="2020-05-18T03:51:03Z">
          <reporter-output>
          </reporter-output>
        </test-method> <!-- ForgotLinkTest -->
        <test-method status="PASS" signature="tearDown()[pri:0, instance:com.crm.qa.test.LoginPageTest@100df86]" name="tearDown" is-config="true" duration-ms="4380" started-at="2020-05-18T03:51:03Z" finished-at="2020-05-18T03:51:08Z">
          <reporter-output>
          </reporter-output>
        </test-method> <!-- tearDown -->
        <test-method status="PASS" signature="SetUp()[pri:0, instance:com.crm.qa.test.LoginPageTest@100df86]" name="SetUp" is-config="true" duration-ms="29607" started-at="2020-05-18T03:51:08Z" finished-at="2020-05-18T03:51:37Z">
          <reporter-output>
          </reporter-output>
        </test-method> <!-- SetUp -->
        <test-method status="PASS" signature="LoginBtnTest()[pri:0, instance:com.crm.qa.test.LoginPageTest@100df86]" name="LoginBtnTest" duration-ms="1198" started-at="2020-05-18T03:51:37Z" finished-at="2020-05-18T03:51:39Z">
          <reporter-output>
          </reporter-output>
        </test-method> <!-- LoginBtnTest -->
        <test-method status="PASS" signature="tearDown()[pri:0, instance:com.crm.qa.test.LoginPageTest@100df86]" name="tearDown" is-config="true" duration-ms="4104" started-at="2020-05-18T03:51:39Z" finished-at="2020-05-18T03:51:43Z">
          <reporter-output>
          </reporter-output>
        </test-method> <!-- tearDown -->
        <test-method status="PASS" signature="SetUp()[pri:0, instance:com.crm.qa.test.LoginPageTest@100df86]" name="SetUp" is-config="true" duration-ms="28820" started-at="2020-05-18T03:51:43Z" finished-at="2020-05-18T03:52:12Z">
          <reporter-output>
          </reporter-output>
        </test-method> <!-- SetUp -->
        <test-method status="PASS" signature="LoginPageTitleTest()[pri:0, instance:com.crm.qa.test.LoginPageTest@100df86]" name="LoginPageTitleTest" duration-ms="54" started-at="2020-05-18T03:52:12Z" finished-at="2020-05-18T03:52:12Z">
          <reporter-output>
          </reporter-output>
        </test-method> <!-- LoginPageTitleTest -->
        <test-method status="PASS" signature="tearDown()[pri:0, instance:com.crm.qa.test.LoginPageTest@100df86]" name="tearDown" is-config="true" duration-ms="4146" started-at="2020-05-18T03:52:12Z" finished-at="2020-05-18T03:52:16Z">
          <reporter-output>
          </reporter-output>
        </test-method> <!-- tearDown -->
      </class> <!-- com.crm.qa.test.LoginPageTest -->
      <class name="com.crm.qa.test.HomePageTest">
        <test-method status="PASS" signature="setUP()[pri:0, instance:com.crm.qa.test.HomePageTest@2a079c]" name="setUP" is-config="true" duration-ms="27463" started-at="2020-05-18T03:52:16Z" finished-at="2020-05-18T03:52:43Z">
          <reporter-output>
          </reporter-output>
        </test-method> <!-- setUP -->
        <test-method status="PASS" signature="ValidateClickOnCCalendarLinkTest()[pri:0, instance:com.crm.qa.test.HomePageTest@2a079c]" name="ValidateClickOnCCalendarLinkTest" duration-ms="5002" started-at="2020-05-18T03:52:43Z" finished-at="2020-05-18T03:52:48Z">
          <reporter-output>
          </reporter-output>
        </test-method> <!-- ValidateClickOnCCalendarLinkTest -->
        <test-method status="PASS" signature="tearDown()[pri:0, instance:com.crm.qa.test.HomePageTest@2a079c]" name="tearDown" is-config="true" duration-ms="4301" started-at="2020-05-18T03:52:48Z" finished-at="2020-05-18T03:52:53Z">
          <reporter-output>
          </reporter-output>
        </test-method> <!-- tearDown -->
        <test-method status="PASS" signature="setUP()[pri:0, instance:com.crm.qa.test.HomePageTest@2a079c]" name="setUP" is-config="true" duration-ms="27630" started-at="2020-05-18T03:52:53Z" finished-at="2020-05-18T03:53:20Z">
          <reporter-output>
          </reporter-output>
        </test-method> <!-- setUP -->
        <test-method status="PASS" signature="ValidateClickOnContactsLinkTest()[pri:0, instance:com.crm.qa.test.HomePageTest@2a079c]" name="ValidateClickOnContactsLinkTest" duration-ms="4345" started-at="2020-05-18T03:53:20Z" finished-at="2020-05-18T03:53:25Z">
          <reporter-output>
          </reporter-output>
        </test-method> <!-- ValidateClickOnContactsLinkTest -->
        <test-method status="PASS" signature="tearDown()[pri:0, instance:com.crm.qa.test.HomePageTest@2a079c]" name="tearDown" is-config="true" duration-ms="4563" started-at="2020-05-18T03:53:25Z" finished-at="2020-05-18T03:53:29Z">
          <reporter-output>
          </reporter-output>
        </test-method> <!-- tearDown -->
        <test-method status="PASS" signature="setUP()[pri:0, instance:com.crm.qa.test.HomePageTest@2a079c]" name="setUP" is-config="true" duration-ms="28939" started-at="2020-05-18T03:53:29Z" finished-at="2020-05-18T03:53:58Z">
          <reporter-output>
          </reporter-output>
        </test-method> <!-- setUP -->
        <test-method status="PASS" signature="ValidateClickOnDealssLinkTest()[pri:0, instance:com.crm.qa.test.HomePageTest@2a079c]" name="ValidateClickOnDealssLinkTest" duration-ms="4078" started-at="2020-05-18T03:53:58Z" finished-at="2020-05-18T03:54:02Z">
          <reporter-output>
          </reporter-output>
        </test-method> <!-- ValidateClickOnDealssLinkTest -->
        <test-method status="PASS" signature="tearDown()[pri:0, instance:com.crm.qa.test.HomePageTest@2a079c]" name="tearDown" is-config="true" duration-ms="5543" started-at="2020-05-18T03:54:02Z" finished-at="2020-05-18T03:54:08Z">
          <reporter-output>
          </reporter-output>
        </test-method> <!-- tearDown -->
        <test-method status="FAIL" signature="setUP()[pri:0, instance:com.crm.qa.test.HomePageTest@2a079c]" name="setUP" is-config="true" duration-ms="57091" started-at="2020-05-18T03:54:08Z" finished-at="2020-05-18T03:55:05Z">
          <exception class="org.openqa.selenium.TimeoutException">
            <message>
              <![CDATA[Timeout loading page after 40000ms
Build info: version: '3.141.59', revision: 'e82be7d358', time: '2018-11-14T08:17:03'
System info: host: 'ELCOT-PC', ip: '192.168.1.100', os.name: 'Windows 7', os.arch: 'x86', os.version: '6.1', java.version: '1.8.0_66'
Driver info: org.openqa.selenium.firefox.FirefoxDriver
Capabilities {acceptInsecureCerts: true, browserName: firefox, browserVersion: 76.0.1, javascriptEnabled: true, moz:accessibilityChecks: false, moz:buildID: 20200507114007, moz:geckodriverVersion: 0.26.0, moz:headless: false, moz:processID: 5916, moz:profile: C:\Users\Elcot\AppData\Loca..., moz:shutdownTimeout: 60000, moz:useNonSpecCompliantPointerOrigin: false, moz:webdriverClick: true, pageLoadStrategy: normal, platform: WINDOWS, platformName: WINDOWS, platformVersion: 6.1, rotatable: false, setWindowRect: true, strictFileInteractability: false, timeouts: {implicit: 0, pageLoad: 300000, script: 30000}, unhandledPromptBehavior: dismiss and notify}
Session ID: f848f0d8-85c9-42fa-bee7-e39a924683ab]]>
            </message>
            <full-stacktrace>
              <![CDATA[org.openqa.selenium.TimeoutException: Timeout loading page after 40000ms
Build info: version: '3.141.59', revision: 'e82be7d358', time: '2018-11-14T08:17:03'
System info: host: 'ELCOT-PC', ip: '192.168.1.100', os.name: 'Windows 7', os.arch: 'x86', os.version: '6.1', java.version: '1.8.0_66'
Driver info: org.openqa.selenium.firefox.FirefoxDriver
Capabilities {acceptInsecureCerts: true, browserName: firefox, browserVersion: 76.0.1, javascriptEnabled: true, moz:accessibilityChecks: false, moz:buildID: 20200507114007, moz:geckodriverVersion: 0.26.0, moz:headless: false, moz:processID: 5916, moz:profile: C:\Users\Elcot\AppData\Loca..., moz:shutdownTimeout: 60000, moz:useNonSpecCompliantPointerOrigin: false, moz:webdriverClick: true, pageLoadStrategy: normal, platform: WINDOWS, platformName: WINDOWS, platformVersion: 6.1, rotatable: false, setWindowRect: true, strictFileInteractability: false, timeouts: {implicit: 0, pageLoad: 300000, script: 30000}, unhandledPromptBehavior: dismiss and notify}
Session ID: f848f0d8-85c9-42fa-bee7-e39a924683ab
at sun.reflect.NativeConstructorAccessorImpl.newInstance0(Native Method)
at sun.reflect.NativeConstructorAccessorImpl.newInstance(Unknown Source)
at sun.reflect.DelegatingConstructorAccessorImpl.newInstance(Unknown Source)
at java.lang.reflect.Constructor.newInstance(Unknown Source)
at org.openqa.selenium.remote.http.W3CHttpResponseCodec.createException(W3CHttpResponseCodec.java:187)
at org.openqa.selenium.remote.http.W3CHttpResponseCodec.decode(W3CHttpResponseCodec.java:122)
at org.openqa.selenium.remote.http.W3CHttpResponseCodec.decode(W3CHttpResponseCodec.java:49)
at org.openqa.selenium.remote.HttpCommandExecutor.execute(HttpCommandExecutor.java:158)
at org.openqa.selenium.remote.service.DriverCommandExecutor.execute(DriverCommandExecutor.java:83)
at org.openqa.selenium.remote.RemoteWebDriver.execute(RemoteWebDriver.java:552)
at org.openqa.selenium.remote.RemoteWebDriver.get(RemoteWebDriver.java:277)
at sun.reflect.NativeMethodAccessorImpl.invoke0(Native Method)
at sun.reflect.NativeMethodAccessorImpl.invoke(Unknown Source)
at sun.reflect.DelegatingMethodAccessorImpl.invoke(Unknown Source)
at java.lang.reflect.Method.invoke(Unknown Source)
at org.openqa.selenium.support.events.EventFiringWebDriver.lambda$new$1(EventFiringWebDriver.java:105)
at com.sun.proxy.$Proxy8.get(Unknown Source)
at org.openqa.selenium.support.events.EventFiringWebDriver.get(EventFiringWebDriver.java:165)
at com.crm.qa.testbase.TestBase.initialization(TestBase.java:67)
at com.crm.qa.test.HomePageTest.setUP(HomePageTest.java:34)
at sun.reflect.NativeMethodAccessorImpl.invoke0(Native Method)
at sun.reflect.NativeMethodAccessorImpl.invoke(Unknown Source)
at sun.reflect.DelegatingMethodAccessorImpl.invoke(Unknown Source)
at java.lang.reflect.Method.invoke(Unknown Source)
at org.testng.internal.MethodInvocationHelper.invokeMethod(MethodInvocationHelper.java:124)
at org.testng.internal.MethodInvocationHelper.invokeMethodConsideringTimeout(MethodInvocationHelper.java:59)
at org.testng.internal.Invoker.invokeConfigurationMethod(Invoker.java:458)
at org.testng.internal.Invoker.invokeConfigurations(Invoker.java:222)
at org.testng.internal.Invoker.invokeMethod(Invoker.java:523)
at org.testng.internal.Invoker.invokeTestMethod(Invoker.java:719)
at org.testng.internal.Invoker.invokeTestMethods(Invoker.java:989)
at org.testng.internal.TestMethodWorker.invokeTestMethods(TestMethodWorker.java:124)
at org.testng.internal.TestMethodWorker.run(TestMethodWorker.java:109)
at org.testng.TestRunner.privateRun(TestRunner.java:648)
at org.testng.TestRunner.run(TestRunner.java:505)
at org.testng.SuiteRunner.runTest(SuiteRunner.java:455)
at org.testng.SuiteRunner.runSequentially(SuiteRunner.java:450)
at org.testng.SuiteRunner.privateRun(SuiteRunner.java:415)
at org.testng.SuiteRunner.run(SuiteRunner.java:364)
at org.testng.SuiteRunnerWorker.runSuite(SuiteRunnerWorker.java:52)
at org.testng.SuiteRunnerWorker.run(SuiteRunnerWorker.java:84)
at org.testng.TestNG.runSuitesSequentially(TestNG.java:1208)
at org.testng.TestNG.runSuitesLocally(TestNG.java:1137)
at org.testng.TestNG.runSuites(TestNG.java:1049)
at org.testng.TestNG.run(TestNG.java:1017)
at org.testng.remote.AbstractRemoteTestNG.run(AbstractRemoteTestNG.java:114)
at org.testng.remote.RemoteTestNG.initAndRun(RemoteTestNG.java:251)
at org.testng.remote.RemoteTestNG.main(RemoteTestNG.java:77)
]]>
            </full-stacktrace>
          </exception> <!-- org.openqa.selenium.TimeoutException -->
          <reporter-output>
          </reporter-output>
        </test-method> <!-- setUP -->
        <test-method status="SKIP" signature="ValidateHomePageUserNameDisplayTest()[pri:0, instance:com.crm.qa.test.HomePageTest@2a079c]" name="ValidateHomePageUserNameDisplayTest" duration-ms="0" started-at="2020-05-18T03:55:05Z" finished-at="2020-05-18T03:55:05Z">
          <exception class="org.openqa.selenium.TimeoutException">
            <message>
              <![CDATA[Timeout loading page after 40000ms
Build info: version: '3.141.59', revision: 'e82be7d358', time: '2018-11-14T08:17:03'
System info: host: 'ELCOT-PC', ip: '192.168.1.100', os.name: 'Windows 7', os.arch: 'x86', os.version: '6.1', java.version: '1.8.0_66'
Driver info: org.openqa.selenium.firefox.FirefoxDriver
Capabilities {acceptInsecureCerts: true, browserName: firefox, browserVersion: 76.0.1, javascriptEnabled: true, moz:accessibilityChecks: false, moz:buildID: 20200507114007, moz:geckodriverVersion: 0.26.0, moz:headless: false, moz:processID: 5916, moz:profile: C:\Users\Elcot\AppData\Loca..., moz:shutdownTimeout: 60000, moz:useNonSpecCompliantPointerOrigin: false, moz:webdriverClick: true, pageLoadStrategy: normal, platform: WINDOWS, platformName: WINDOWS, platformVersion: 6.1, rotatable: false, setWindowRect: true, strictFileInteractability: false, timeouts: {implicit: 0, pageLoad: 300000, script: 30000}, unhandledPromptBehavior: dismiss and notify}
Session ID: f848f0d8-85c9-42fa-bee7-e39a924683ab]]>
            </message>
            <full-stacktrace>
              <![CDATA[org.openqa.selenium.TimeoutException: Timeout loading page after 40000ms
Build info: version: '3.141.59', revision: 'e82be7d358', time: '2018-11-14T08:17:03'
System info: host: 'ELCOT-PC', ip: '192.168.1.100', os.name: 'Windows 7', os.arch: 'x86', os.version: '6.1', java.version: '1.8.0_66'
Driver info: org.openqa.selenium.firefox.FirefoxDriver
Capabilities {acceptInsecureCerts: true, browserName: firefox, browserVersion: 76.0.1, javascriptEnabled: true, moz:accessibilityChecks: false, moz:buildID: 20200507114007, moz:geckodriverVersion: 0.26.0, moz:headless: false, moz:processID: 5916, moz:profile: C:\Users\Elcot\AppData\Loca..., moz:shutdownTimeout: 60000, moz:useNonSpecCompliantPointerOrigin: false, moz:webdriverClick: true, pageLoadStrategy: normal, platform: WINDOWS, platformName: WINDOWS, platformVersion: 6.1, rotatable: false, setWindowRect: true, strictFileInteractability: false, timeouts: {implicit: 0, pageLoad: 300000, script: 30000}, unhandledPromptBehavior: dismiss and notify}
Session ID: f848f0d8-85c9-42fa-bee7-e39a924683ab
at sun.reflect.NativeConstructorAccessorImpl.newInstance0(Native Method)
at sun.reflect.NativeConstructorAccessorImpl.newInstance(Unknown Source)
at sun.reflect.DelegatingConstructorAccessorImpl.newInstance(Unknown Source)
at java.lang.reflect.Constructor.newInstance(Unknown Source)
at org.openqa.selenium.remote.http.W3CHttpResponseCodec.createException(W3CHttpResponseCodec.java:187)
at org.openqa.selenium.remote.http.W3CHttpResponseCodec.decode(W3CHttpResponseCodec.java:122)
at org.openqa.selenium.remote.http.W3CHttpResponseCodec.decode(W3CHttpResponseCodec.java:49)
at org.openqa.selenium.remote.HttpCommandExecutor.execute(HttpCommandExecutor.java:158)
at org.openqa.selenium.remote.service.DriverCommandExecutor.execute(DriverCommandExecutor.java:83)
at org.openqa.selenium.remote.RemoteWebDriver.execute(RemoteWebDriver.java:552)
at org.openqa.selenium.remote.RemoteWebDriver.get(RemoteWebDriver.java:277)
at sun.reflect.NativeMethodAccessorImpl.invoke0(Native Method)
at sun.reflect.NativeMethodAccessorImpl.invoke(Unknown Source)
at sun.reflect.DelegatingMethodAccessorImpl.invoke(Unknown Source)
at java.lang.reflect.Method.invoke(Unknown Source)
at org.openqa.selenium.support.events.EventFiringWebDriver.lambda$new$1(EventFiringWebDriver.java:105)
at com.sun.proxy.$Proxy8.get(Unknown Source)
at org.openqa.selenium.support.events.EventFiringWebDriver.get(EventFiringWebDriver.java:165)
at com.crm.qa.testbase.TestBase.initialization(TestBase.java:67)
at com.crm.qa.test.HomePageTest.setUP(HomePageTest.java:34)
at sun.reflect.NativeMethodAccessorImpl.invoke0(Native Method)
at sun.reflect.NativeMethodAccessorImpl.invoke(Unknown Source)
at sun.reflect.DelegatingMethodAccessorImpl.invoke(Unknown Source)
at java.lang.reflect.Method.invoke(Unknown Source)
at org.testng.internal.MethodInvocationHelper.invokeMethod(MethodInvocationHelper.java:124)
at org.testng.internal.MethodInvocationHelper.invokeMethodConsideringTimeout(MethodInvocationHelper.java:59)
at org.testng.internal.Invoker.invokeConfigurationMethod(Invoker.java:458)
at org.testng.internal.Invoker.invokeConfigurations(Invoker.java:222)
at org.testng.internal.Invoker.invokeMethod(Invoker.java:523)
at org.testng.internal.Invoker.invokeTestMethod(Invoker.java:719)
at org.testng.internal.Invoker.invokeTestMethods(Invoker.java:989)
at org.testng.internal.TestMethodWorker.invokeTestMethods(TestMethodWorker.java:124)
at org.testng.internal.TestMethodWorker.run(TestMethodWorker.java:109)
at org.testng.TestRunner.privateRun(TestRunner.java:648)
at org.testng.TestRunner.run(TestRunner.java:505)
at org.testng.SuiteRunner.runTest(SuiteRunner.java:455)
at org.testng.SuiteRunner.runSequentially(SuiteRunner.java:450)
at org.testng.SuiteRunner.privateRun(SuiteRunner.java:415)
at org.testng.SuiteRunner.run(SuiteRunner.java:364)
at org.testng.SuiteRunnerWorker.runSuite(SuiteRunnerWorker.java:52)
at org.testng.SuiteRunnerWorker.run(SuiteRunnerWorker.java:84)
at org.testng.TestNG.runSuitesSequentially(TestNG.java:1208)
at org.testng.TestNG.runSuitesLocally(TestNG.java:1137)
at org.testng.TestNG.runSuites(TestNG.java:1049)
at org.testng.TestNG.run(TestNG.java:1017)
at org.testng.remote.AbstractRemoteTestNG.run(AbstractRemoteTestNG.java:114)
at org.testng.remote.RemoteTestNG.initAndRun(RemoteTestNG.java:251)
at org.testng.remote.RemoteTestNG.main(RemoteTestNG.java:77)
]]>
            </full-stacktrace>
          </exception> <!-- org.openqa.selenium.TimeoutException -->
          <reporter-output>
          </reporter-output>
        </test-method> <!-- ValidateHomePageUserNameDisplayTest -->
        <test-method status="SKIP" signature="tearDown()[pri:0, instance:com.crm.qa.test.HomePageTest@2a079c]" name="tearDown" is-config="true" duration-ms="0" started-at="2020-05-18T03:55:05Z" finished-at="2020-05-18T03:55:05Z">
          <reporter-output>
          </reporter-output>
        </test-method> <!-- tearDown -->
      </class> <!-- com.crm.qa.test.HomePageTest -->
      <class name="com.crm.qa.test.ContactsPageTest">
        <test-method status="PASS" signature="setUp()[pri:0, instance:com.crm.qa.test.ContactsPageTest@1ec2012]" name="setUp" is-config="true" duration-ms="60149" started-at="2020-05-18T03:56:17Z" finished-at="2020-05-18T03:57:17Z">
          <reporter-output>
          </reporter-output>
        </test-method> <!-- setUp -->
        <test-method status="PASS" signature="ValidateContactsLabelTest()[pri:1, instance:com.crm.qa.test.ContactsPageTest@1ec2012]" name="ValidateContactsLabelTest" duration-ms="104" started-at="2020-05-18T03:57:17Z" finished-at="2020-05-18T03:57:17Z">
          <reporter-output>
          </reporter-output>
        </test-method> <!-- ValidateContactsLabelTest -->
        <test-method status="PASS" signature="tearDown()[pri:0, instance:com.crm.qa.test.ContactsPageTest@1ec2012]" name="tearDown" is-config="true" duration-ms="2728" started-at="2020-05-18T03:57:17Z" finished-at="2020-05-18T03:57:20Z">
          <reporter-output>
          </reporter-output>
        </test-method> <!-- tearDown -->
      </class> <!-- com.crm.qa.test.ContactsPageTest -->
      <class name="com.crm.qa.test.CalendarPageTest">
        <test-method status="PASS" signature="setUp()[pri:0, instance:com.crm.qa.test.CalendarPageTest@1686d1f]" name="setUp" is-config="true" duration-ms="68599" started-at="2020-05-18T03:55:05Z" finished-at="2020-05-18T03:56:13Z">
          <reporter-output>
          </reporter-output>
        </test-method> <!-- setUp -->
        <test-method status="PASS" signature="ValidateSyncNowBtnavailabilitytest()[pri:0, instance:com.crm.qa.test.CalendarPageTest@1686d1f]" name="ValidateSyncNowBtnavailabilitytest" duration-ms="210" started-at="2020-05-18T03:56:13Z" finished-at="2020-05-18T03:56:14Z">
          <reporter-output>
          </reporter-output>
        </test-method> <!-- ValidateSyncNowBtnavailabilitytest -->
        <test-method status="PASS" signature="tearDown()[pri:0, instance:com.crm.qa.test.CalendarPageTest@1686d1f]" name="tearDown" is-config="true" duration-ms="3524" started-at="2020-05-18T03:56:14Z" finished-at="2020-05-18T03:56:17Z">
          <reporter-output>
          </reporter-output>
        </test-method> <!-- tearDown -->
      </class> <!-- com.crm.qa.test.CalendarPageTest -->
      <class name="com.crm.qa.test.DealsPageTest">
        <test-method status="PASS" signature="setUp()[pri:0, instance:com.crm.qa.test.DealsPageTest@f777e8]" name="setUp" is-config="true" duration-ms="33712" started-at="2020-05-18T03:57:20Z" finished-at="2020-05-18T03:57:54Z">
          <reporter-output>
          </reporter-output>
        </test-method> <!-- setUp -->
        <test-method status="PASS" signature="ValidateDealsLogotest()[pri:1, instance:com.crm.qa.test.DealsPageTest@f777e8]" name="ValidateDealsLogotest" duration-ms="476" started-at="2020-05-18T03:57:54Z" finished-at="2020-05-18T03:57:54Z">
          <reporter-output>
          </reporter-output>
        </test-method> <!-- ValidateDealsLogotest -->
        <test-method status="PASS" signature="tearDown()[pri:0, instance:com.crm.qa.test.DealsPageTest@f777e8]" name="tearDown" is-config="true" duration-ms="5556" started-at="2020-05-18T03:57:54Z" finished-at="2020-05-18T03:58:00Z">
          <reporter-output>
          </reporter-output>
        </test-method> <!-- tearDown -->
      </class> <!-- com.crm.qa.test.DealsPageTest -->
    </test> <!-- Free CRM App Test Cases -->
  </suite> <!-- Free CRM App QA Test Suite -->
</testng-results>
